     1 00000000                                 ; Time-os
     2 00000000                                 ; TAB=4
     3 00000000                                 
     4                                          		ORG		0x7c00			; 指明程序的加载地址
     5 00007C00                                 ; 以下这段代码是标准FAT12格式软盘的专用代码
     6 00007C00 EB 4E                           		JMP		entry
     7 00007C02 90                              		DB		0x90
     8 00007C03 48 45 4C 4C 4F 49 50 4C         		DB		"HELLOIPL"		; 启动区的名称(8字节)
     9 00007C0B 0200                            		DW		512				; 每个扇区的大小(必须是512字节)
    10 00007C0D 01                              		DB		1				; 簇的大小(必须为1个扇区)
    11 00007C0E 0001                            		DW		1				; FAT的起始位置(一般从第一个扇区开始)
    12 00007C10 02                              		DB		2				; FAT的个数 (必须为2)
    13 00007C11 00E0                            		DW		224				; 根目录的大小(一般设成224项)
    14 00007C13 0B40                            		DW		2880			; 该磁盘的大小(必须是2880扇区)
    15 00007C15 F0                              		DB		0xf0			; 磁盘的种类(必须是0xf0)
    16 00007C16 0009                            		DW		9				; FAT的长度 必须是9扇区
    17 00007C18 0012                            		DW		18				; 1个磁道有几个扇区 必须是18
    18 00007C1A 0002                            		DW		2				; 磁头数 必须是2
    19 00007C1C 00000000                        		DD		0				; 不使用分区，必须是0
    20 00007C20 00000B40                        		DD		2880			; 重写一次磁盘大小
    21 00007C24 00 00 29                        		DB		0,0,0x29		; 意义不明，固定
    22 00007C27 FFFFFFFF                        		DD		0xffffffff		; (可能是)卷标号码
    23 00007C2B 54 69 6D 65 2D 2D 4F 53 20 20   		DB		"Time--OS   "	; 磁盘的名称 11字节
       00007C35 20 
    24 00007C36 46 41 54 31 32 20 20 20         		DB		"FAT12   "		; 磁盘格式名称 8字节
    25 00007C3E 00 00 00 00 00 00 00 00 00 00   		RESB	18				; 先空出18字节
       00007C48 00 00 00 00 00 00 00 00 
    26 00007C50                                 
    27 00007C50                                 ; 程序核心
    28 00007C50                                 
    29 00007C50                                 entry:
    30 00007C50 B8 0000                         		MOV		AX,0			; 初始化寄存器
    31 00007C53 8E D0                           		MOV		SS,AX
    32 00007C55 BC 7C00                         		MOV		SP,0x7c00
    33 00007C58 8E D8                           		MOV		DS,AX
    34 00007C5A 8E C0                           		MOV		ES,AX
    35 00007C5C                                 
    36 00007C5C BE 7C74                         		MOV		SI,msg
    37 00007C5F                                 putloop:
    38 00007C5F 8A 04                           		MOV		AL,[SI]
    39 00007C61 83 C6 01                        		ADD		SI,1			; 给si加1
    40 00007C64 3C 00                           		CMP		AL,0
    41 00007C66 74 09                           		JE		fin
    42 00007C68 B4 0E                           		MOV		AH,0x0e			; 显示一个文字
    43 00007C6A BB 000F                         		MOV		BX,15			; 指定字符颜色
    44 00007C6D CD 10                           		INT		0x10			; 调用显卡BIOS
    45 00007C6F EB EE                           		JMP		putloop
    46 00007C71                                 fin:
    47 00007C71 F4                              		HLT						; 让cpu停止，等待指令
    48 00007C72 EB FD                           		JMP		fin				; 无限循环
    49 00007C74                                 
    50 00007C74                                 msg:
    51 00007C74 0A 0A                           		DB		0x0a, 0x0a		; 换行两次
    52 00007C76 68 65 6C 6C 6F 2C 20 77 6F 72   		DB		"hello, world"
       00007C80 6C 64 
    53 00007C82 0A                              		DB		0x0a			; 换行
    54 00007C83 00                              		DB		0
    55 00007C84                                 
    56 00007C84 00 00 00 00 00 00 00 00 00 00   		RESB	0x7dfe-$		; 填写0x00直到0x001fe
       00007C8E 00 00 00 00 00 00 00 00 00 00 
       00007C98 00 00 00 00 00 00 00 00 00 00 
       00007CA2 00 00 00 00 00 00 00 00 00 00 
       00007CAC 00 00 00 00 00 00 00 00 00 00 
       00007CB6 00 00 00 00 00 00 00 00 00 00 
       00007CC0 00 00 00 00 00 00 00 00 00 00 
       00007CCA 00 00 00 00 00 00 00 00 00 00 
       00007CD4 00 00 00 00 00 00 00 00 00 00 
       00007CDE 00 00 00 00 00 00 00 00 00 00 
       00007CE8 00 00 00 00 00 00 00 00 00 00 
       00007CF2 00 00 00 00 00 00 00 00 00 00 
       00007CFC 00 00 00 00 00 00 00 00 00 00 
       00007D06 00 00 00 00 00 00 00 00 00 00 
       00007D10 00 00 00 00 00 00 00 00 00 00 
       00007D1A 00 00 00 00 00 00 00 00 00 00 
       00007D24 00 00 00 00 00 00 00 00 00 00 
       00007D2E 00 00 00 00 00 00 00 00 00 00 
       00007D38 00 00 00 00 00 00 00 00 00 00 
       00007D42 00 00 00 00 00 00 00 00 00 00 
       00007D4C 00 00 00 00 00 00 00 00 00 00 
       00007D56 00 00 00 00 00 00 00 00 00 00 
       00007D60 00 00 00 00 00 00 00 00 00 00 
       00007D6A 00 00 00 00 00 00 00 00 00 00 
       00007D74 00 00 00 00 00 00 00 00 00 00 
       00007D7E 00 00 00 00 00 00 00 00 00 00 
       00007D88 00 00 00 00 00 00 00 00 00 00 
       00007D92 00 00 00 00 00 00 00 00 00 00 
       00007D9C 00 00 00 00 00 00 00 00 00 00 
       00007DA6 00 00 00 00 00 00 00 00 00 00 
       00007DB0 00 00 00 00 00 00 00 00 00 00 
       00007DBA 00 00 00 00 00 00 00 00 00 00 
       00007DC4 00 00 00 00 00 00 00 00 00 00 
       00007DCE 00 00 00 00 00 00 00 00 00 00 
       00007DD8 00 00 00 00 00 00 00 00 00 00 
       00007DE2 00 00 00 00 00 00 00 00 00 00 
       00007DEC 00 00 00 00 00 00 00 00 00 00 
       00007DF6 00 00 00 00 00 00 00 00 
    57 00007DFE                                 
    58 00007DFE 55 AA                           		DB		0x55, 0xaa
